<?xml version="1.0" ?>
<coverage branch-rate="0" branches-covered="0" branches-valid="0" complexity="0" line-rate="0.7964" lines-covered="1858" lines-valid="2333" timestamp="1598187531512" version="5.2.1">
	<!-- Generated by coverage.py: https://coverage.readthedocs.io -->
	<!-- Based on https://raw.githubusercontent.com/cobertura/web/master/htdocs/xml/coverage-04.dtd -->
	<sources>
		<source></source>
	</sources>
	<packages>
		<package branch-rate="0" complexity="0" line-rate="0.8283" name=".home.ppp.git_projects.tensorflow-neuroevolution.tfne">
			<classes>
				<class branch-rate="0" complexity="0" filename="/home/ppp/git_projects/tensorflow-neuroevolution/tfne/__init__.py" line-rate="1" name="__init__.py">
					<methods/>
					<lines>
						<line hits="1" number="2"/>
						<line hits="1" number="3"/>
						<line hits="1" number="4"/>
						<line hits="1" number="5"/>
						<line hits="1" number="6"/>
						<line hits="1" number="7"/>
						<line hits="1" number="8"/>
						<line hits="1" number="11"/>
						<line hits="1" number="14"/>
						<line hits="1" number="15"/>
					</lines>
				</class>
				<class branch-rate="0" complexity="0" filename="/home/ppp/git_projects/tensorflow-neuroevolution/tfne/evolution_engine.py" line-rate="0.8367" name="evolution_engine.py">
					<methods/>
					<lines>
						<line hits="1" number="1"/>
						<line hits="1" number="2"/>
						<line hits="1" number="4"/>
						<line hits="1" number="5"/>
						<line hits="1" number="7"/>
						<line hits="1" number="10"/>
						<line hits="1" number="17"/>
						<line hits="1" number="34"/>
						<line hits="1" number="35"/>
						<line hits="1" number="36"/>
						<line hits="1" number="37"/>
						<line hits="1" number="38"/>
						<line hits="1" number="39"/>
						<line hits="1" number="40"/>
						<line hits="1" number="41"/>
						<line hits="1" number="45"/>
						<line hits="1" number="46"/>
						<line hits="0" number="47"/>
						<line hits="0" number="48"/>
						<line hits="0" number="49"/>
						<line hits="1" number="52"/>
						<line hits="1" number="53"/>
						<line hits="1" number="54"/>
						<line hits="1" number="55"/>
						<line hits="1" number="56"/>
						<line hits="1" number="57"/>
						<line hits="1" number="58"/>
						<line hits="1" number="59"/>
						<line hits="1" number="61"/>
						<line hits="1" number="71"/>
						<line hits="1" number="75"/>
						<line hits="1" number="77"/>
						<line hits="1" number="78"/>
						<line hits="1" number="81"/>
						<line hits="1" number="84"/>
						<line hits="0" number="85"/>
						<line hits="0" number="87"/>
						<line hits="1" number="88"/>
						<line hits="1" number="89"/>
						<line hits="1" number="91"/>
						<line hits="1" number="94"/>
						<line hits="1" number="97"/>
						<line hits="0" number="98"/>
						<line hits="0" number="100"/>
						<line hits="1" number="104"/>
						<line hits="1" number="107"/>
						<line hits="1" number="111"/>
						<line hits="1" number="113"/>
						<line hits="0" number="115"/>
					</lines>
				</class>
				<class branch-rate="0" complexity="0" filename="/home/ppp/git_projects/tensorflow-neuroevolution/tfne/helper_functions.py" line-rate="0.775" name="helper_functions.py">
					<methods/>
					<lines>
						<line hits="1" number="1"/>
						<line hits="1" number="2"/>
						<line hits="1" number="3"/>
						<line hits="1" number="4"/>
						<line hits="1" number="6"/>
						<line hits="1" number="7"/>
						<line hits="1" number="9"/>
						<line hits="1" number="12"/>
						<line hits="1" number="18"/>
						<line hits="1" number="19"/>
						<line hits="1" number="20"/>
						<line hits="1" number="22"/>
						<line hits="1" number="25"/>
						<line hits="1" number="32"/>
						<line hits="1" number="33"/>
						<line hits="1" number="34"/>
						<line hits="1" number="37"/>
						<line hits="1" number="45"/>
						<line hits="1" number="46"/>
						<line hits="1" number="47"/>
						<line hits="1" number="48"/>
						<line hits="1" number="49"/>
						<line hits="1" number="50"/>
						<line hits="0" number="51"/>
						<line hits="0" number="52"/>
						<line hits="1" number="54"/>
						<line hits="1" number="55"/>
						<line hits="1" number="56"/>
						<line hits="1" number="57"/>
						<line hits="0" number="58"/>
						<line hits="1" number="59"/>
						<line hits="1" number="60"/>
						<line hits="1" number="63"/>
						<line hits="0" number="68"/>
						<line hits="0" number="69"/>
						<line hits="0" number="70"/>
						<line hits="1" number="73"/>
						<line hits="0" number="78"/>
						<line hits="0" number="79"/>
						<line hits="0" number="80"/>
					</lines>
				</class>
			</classes>
		</package>
		<package branch-rate="0" complexity="0" line-rate="0.6957" name=".home.ppp.git_projects.tensorflow-neuroevolution.tfne.algorithms">
			<classes>
				<class branch-rate="0" complexity="0" filename="/home/ppp/git_projects/tensorflow-neuroevolution/tfne/algorithms/__init__.py" line-rate="1" name="__init__.py">
					<methods/>
					<lines>
						<line hits="1" number="2"/>
						<line hits="1" number="3"/>
					</lines>
				</class>
				<class branch-rate="0" complexity="0" filename="/home/ppp/git_projects/tensorflow-neuroevolution/tfne/algorithms/base_algorithm.py" line-rate="0.6667" name="base_algorithm.py">
					<methods/>
					<lines>
						<line hits="1" number="1"/>
						<line hits="1" number="3"/>
						<line hits="1" number="6"/>
						<line hits="1" number="9"/>
						<line hits="0" number="12"/>
						<line hits="1" number="15"/>
						<line hits="1" number="16"/>
						<line hits="0" number="18"/>
						<line hits="1" number="20"/>
						<line hits="0" number="23"/>
						<line hits="1" number="25"/>
						<line hits="1" number="26"/>
						<line hits="0" number="28"/>
						<line hits="1" number="30"/>
						<line hits="0" number="33"/>
						<line hits="1" number="35"/>
						<line hits="1" number="36"/>
						<line hits="0" number="38"/>
						<line hits="1" number="40"/>
						<line hits="1" number="41"/>
						<line hits="0" number="43"/>
					</lines>
				</class>
			</classes>
		</package>
		<package branch-rate="0" complexity="0" line-rate="0.8597" name=".home.ppp.git_projects.tensorflow-neuroevolution.tfne.algorithms.codeepneat">
			<classes>
				<class branch-rate="0" complexity="0" filename="/home/ppp/git_projects/tensorflow-neuroevolution/tfne/algorithms/codeepneat/__init__.py" line-rate="1" name="__init__.py">
					<methods/>
					<lines>
						<line hits="1" number="2"/>
					</lines>
				</class>
				<class branch-rate="0" complexity="0" filename="/home/ppp/git_projects/tensorflow-neuroevolution/tfne/algorithms/codeepneat/_codeepneat_config_processing.py" line-rate="0.9755" name="_codeepneat_config_processing.py">
					<methods/>
					<lines>
						<line hits="1" number="1"/>
						<line hits="1" number="3"/>
						<line hits="1" number="6"/>
						<line hits="1" number="7"/>
						<line hits="1" number="10"/>
						<line hits="1" number="11"/>
						<line hits="1" number="12"/>
						<line hits="1" number="15"/>
						<line hits="1" number="16"/>
						<line hits="1" number="17"/>
						<line hits="1" number="18"/>
						<line hits="1" number="21"/>
						<line hits="1" number="22"/>
						<line hits="1" number="25"/>
						<line hits="1" number="26"/>
						<line hits="1" number="27"/>
						<line hits="1" number="30"/>
						<line hits="1" number="33"/>
						<line hits="1" number="36"/>
						<line hits="1" number="37"/>
						<line hits="1" number="40"/>
						<line hits="1" number="43"/>
						<line hits="1" number="46"/>
						<line hits="1" number="49"/>
						<line hits="1" number="52"/>
						<line hits="1" number="55"/>
						<line hits="1" number="58"/>
						<line hits="1" number="61"/>
						<line hits="1" number="62"/>
						<line hits="1" number="65"/>
						<line hits="1" number="68"/>
						<line hits="1" number="71"/>
						<line hits="1" number="74"/>
						<line hits="1" number="77"/>
						<line hits="1" number="80"/>
						<line hits="1" number="83"/>
						<line hits="1" number="86"/>
						<line hits="0" number="90"/>
						<line hits="1" number="93"/>
						<line hits="1" number="94"/>
						<line hits="1" number="95"/>
						<line hits="1" number="98"/>
						<line hits="1" number="99"/>
						<line hits="1" number="100"/>
						<line hits="1" number="101"/>
						<line hits="1" number="102"/>
						<line hits="1" number="103"/>
						<line hits="1" number="104"/>
						<line hits="1" number="105"/>
						<line hits="1" number="106"/>
						<line hits="1" number="107"/>
						<line hits="1" number="108"/>
						<line hits="1" number="111"/>
						<line hits="1" number="114"/>
						<line hits="1" number="115"/>
						<line hits="1" number="118"/>
						<line hits="1" number="119"/>
						<line hits="1" number="120"/>
						<line hits="1" number="121"/>
						<line hits="1" number="122"/>
						<line hits="1" number="123"/>
						<line hits="1" number="124"/>
						<line hits="1" number="127"/>
						<line hits="1" number="130"/>
						<line hits="1" number="131"/>
						<line hits="0" number="135"/>
						<line hits="1" number="138"/>
						<line hits="1" number="139"/>
						<line hits="1" number="142"/>
						<line hits="1" number="145"/>
						<line hits="1" number="148"/>
						<line hits="1" number="151"/>
						<line hits="1" number="154"/>
						<line hits="1" number="157"/>
						<line hits="1" number="160"/>
						<line hits="1" number="161"/>
						<line hits="1" number="163"/>
						<line hits="1" number="164"/>
						<line hits="0" number="165"/>
						<line hits="1" number="167"/>
						<line hits="1" number="168"/>
						<line hits="1" number="169"/>
						<line hits="1" number="172"/>
						<line hits="1" number="175"/>
						<line hits="1" number="176"/>
						<line hits="1" number="178"/>
						<line hits="1" number="179"/>
						<line hits="0" number="180"/>
						<line hits="1" number="182"/>
						<line hits="1" number="183"/>
						<line hits="1" number="184"/>
						<line hits="1" number="187"/>
						<line hits="1" number="189"/>
						<line hits="1" number="192"/>
						<line hits="1" number="193"/>
						<line hits="1" number="194"/>
						<line hits="1" number="197"/>
						<line hits="1" number="198"/>
						<line hits="1" number="199"/>
						<line hits="1" number="200"/>
						<line hits="1" number="201"/>
						<line hits="1" number="202"/>
						<line hits="1" number="205"/>
						<line hits="1" number="208"/>
						<line hits="1" number="209"/>
						<line hits="1" number="210"/>
						<line hits="1" number="211"/>
						<line hits="1" number="212"/>
						<line hits="1" number="213"/>
						<line hits="1" number="214"/>
						<line hits="1" number="215"/>
						<line hits="1" number="216"/>
						<line hits="1" number="217"/>
						<line hits="1" number="218"/>
						<line hits="1" number="219"/>
						<line hits="1" number="220"/>
						<line hits="1" number="221"/>
						<line hits="1" number="222"/>
						<line hits="1" number="223"/>
						<line hits="1" number="224"/>
						<line hits="1" number="225"/>
						<line hits="1" number="226"/>
						<line hits="1" number="227"/>
						<line hits="1" number="228"/>
						<line hits="1" number="229"/>
						<line hits="1" number="230"/>
						<line hits="1" number="233"/>
						<line hits="1" number="234"/>
						<line hits="1" number="235"/>
						<line hits="1" number="236"/>
						<line hits="1" number="239"/>
						<line hits="1" number="242"/>
						<line hits="1" number="243"/>
						<line hits="1" number="244"/>
						<line hits="1" number="245"/>
						<line hits="1" number="246"/>
						<line hits="1" number="247"/>
						<line hits="1" number="248"/>
						<line hits="1" number="249"/>
						<line hits="1" number="250"/>
						<line hits="1" number="251"/>
						<line hits="1" number="252"/>
						<line hits="1" number="253"/>
						<line hits="1" number="254"/>
						<line hits="1" number="255"/>
						<line hits="1" number="256"/>
						<line hits="1" number="257"/>
						<line hits="1" number="258"/>
						<line hits="1" number="259"/>
						<line hits="1" number="260"/>
						<line hits="1" number="261"/>
						<line hits="1" number="262"/>
						<line hits="1" number="263"/>
						<line hits="1" number="264"/>
						<line hits="1" number="267"/>
						<line hits="1" number="268"/>
						<line hits="1" number="269"/>
						<line hits="1" number="270"/>
						<line hits="1" number="271"/>
						<line hits="1" number="272"/>
						<line hits="1" number="273"/>
						<line hits="1" number="274"/>
						<line hits="1" number="275"/>
					</lines>
				</class>
				<class branch-rate="0" complexity="0" filename="/home/ppp/git_projects/tensorflow-neuroevolution/tfne/algorithms/codeepneat/_codeepneat_evolution_bp.py" line-rate="0.759" name="_codeepneat_evolution_bp.py">
					<methods/>
					<lines>
						<line hits="1" number="1"/>
						<line hits="1" number="2"/>
						<line hits="1" number="4"/>
						<line hits="1" number="5"/>
						<line hits="1" number="8"/>
						<line hits="1" number="9"/>
						<line hits="1" number="14"/>
						<line hits="1" number="15"/>
						<line hits="1" number="16"/>
						<line hits="1" number="18"/>
						<line hits="1" number="19"/>
						<line hits="1" number="20"/>
						<line hits="1" number="21"/>
						<line hits="1" number="25"/>
						<line hits="1" number="30"/>
						<line hits="1" number="31"/>
						<line hits="1" number="32"/>
						<line hits="1" number="33"/>
						<line hits="1" number="34"/>
						<line hits="1" number="35"/>
						<line hits="0" number="36"/>
						<line hits="1" number="37"/>
						<line hits="1" number="41"/>
						<line hits="1" number="44"/>
						<line hits="1" number="45"/>
						<line hits="1" number="46"/>
						<line hits="1" number="47"/>
						<line hits="1" number="48"/>
						<line hits="1" number="51"/>
						<line hits="1" number="52"/>
						<line hits="0" number="53"/>
						<line hits="1" number="55"/>
						<line hits="1" number="58"/>
						<line hits="1" number="59"/>
						<line hits="1" number="62"/>
						<line hits="0" number="63"/>
						<line hits="1" number="65"/>
						<line hits="1" number="67"/>
						<line hits="1" number="68"/>
						<line hits="1" number="71"/>
						<line hits="1" number="73"/>
						<line hits="1" number="74"/>
						<line hits="1" number="77"/>
						<line hits="1" number="79"/>
						<line hits="1" number="80"/>
						<line hits="1" number="83"/>
						<line hits="1" number="85"/>
						<line hits="1" number="86"/>
						<line hits="1" number="89"/>
						<line hits="1" number="91"/>
						<line hits="1" number="92"/>
						<line hits="1" number="96"/>
						<line hits="1" number="98"/>
						<line hits="1" number="105"/>
						<line hits="1" number="106"/>
						<line hits="1" number="107"/>
						<line hits="1" number="108"/>
						<line hits="1" number="109"/>
						<line hits="1" number="110"/>
						<line hits="0" number="111"/>
						<line hits="1" number="112"/>
						<line hits="1" number="113"/>
						<line hits="1" number="114"/>
						<line hits="1" number="118"/>
						<line hits="1" number="122"/>
						<line hits="1" number="123"/>
						<line hits="1" number="127"/>
						<line hits="0" number="128"/>
						<line hits="0" number="129"/>
						<line hits="0" number="131"/>
						<line hits="0" number="134"/>
						<line hits="0" number="137"/>
						<line hits="0" number="138"/>
						<line hits="1" number="142"/>
						<line hits="1" number="144"/>
						<line hits="1" number="147"/>
						<line hits="1" number="148"/>
						<line hits="1" number="151"/>
						<line hits="1" number="156"/>
						<line hits="1" number="157"/>
						<line hits="1" number="158"/>
						<line hits="1" number="159"/>
						<line hits="1" number="160"/>
						<line hits="1" number="162"/>
						<line hits="1" number="166"/>
						<line hits="1" number="167"/>
						<line hits="1" number="170"/>
						<line hits="1" number="174"/>
						<line hits="1" number="175"/>
						<line hits="1" number="177"/>
						<line hits="1" number="181"/>
						<line hits="1" number="182"/>
						<line hits="1" number="183"/>
						<line hits="1" number="184"/>
						<line hits="1" number="185"/>
						<line hits="1" number="186"/>
						<line hits="1" number="187"/>
						<line hits="1" number="191"/>
						<line hits="1" number="192"/>
						<line hits="1" number="195"/>
						<line hits="1" number="196"/>
						<line hits="1" number="199"/>
						<line hits="1" number="200"/>
						<line hits="1" number="201"/>
						<line hits="1" number="202"/>
						<line hits="1" number="203"/>
						<line hits="1" number="207"/>
						<line hits="1" number="209"/>
						<line hits="1" number="210"/>
						<line hits="1" number="211"/>
						<line hits="1" number="215"/>
						<line hits="1" number="219"/>
						<line hits="1" number="222"/>
						<line hits="1" number="225"/>
						<line hits="1" number="231"/>
						<line hits="1" number="232"/>
						<line hits="1" number="233"/>
						<line hits="1" number="234"/>
						<line hits="1" number="235"/>
						<line hits="1" number="236"/>
						<line hits="1" number="238"/>
						<line hits="1" number="242"/>
						<line hits="1" number="243"/>
						<line hits="1" number="244"/>
						<line hits="1" number="248"/>
						<line hits="1" number="250"/>
						<line hits="1" number="251"/>
						<line hits="1" number="252"/>
						<line hits="1" number="256"/>
						<line hits="1" number="257"/>
						<line hits="1" number="260"/>
						<line hits="1" number="261"/>
						<line hits="1" number="262"/>
						<line hits="1" number="263"/>
						<line hits="1" number="264"/>
						<line hits="1" number="265"/>
						<line hits="1" number="266"/>
						<line hits="1" number="267"/>
						<line hits="1" number="268"/>
						<line hits="1" number="272"/>
						<line hits="1" number="276"/>
						<line hits="1" number="279"/>
						<line hits="1" number="282"/>
						<line hits="1" number="289"/>
						<line hits="1" number="290"/>
						<line hits="1" number="291"/>
						<line hits="1" number="292"/>
						<line hits="1" number="293"/>
						<line hits="1" number="294"/>
						<line hits="1" number="295"/>
						<line hits="1" number="296"/>
						<line hits="1" number="297"/>
						<line hits="1" number="298"/>
						<line hits="1" number="299"/>
						<line hits="1" number="300"/>
						<line hits="1" number="302"/>
						<line hits="0" number="303"/>
						<line hits="1" number="305"/>
						<line hits="1" number="307"/>
						<line hits="0" number="308"/>
						<line hits="1" number="310"/>
						<line hits="1" number="315"/>
						<line hits="1" number="316"/>
						<line hits="1" number="317"/>
						<line hits="1" number="318"/>
						<line hits="0" number="319"/>
						<line hits="0" number="320"/>
						<line hits="0" number="321"/>
						<line hits="1" number="324"/>
						<line hits="1" number="325"/>
						<line hits="1" number="326"/>
						<line hits="1" number="327"/>
						<line hits="1" number="330"/>
						<line hits="1" number="331"/>
						<line hits="1" number="332"/>
						<line hits="1" number="336"/>
						<line hits="1" number="340"/>
						<line hits="1" number="343"/>
						<line hits="1" number="346"/>
						<line hits="1" number="352"/>
						<line hits="1" number="353"/>
						<line hits="1" number="354"/>
						<line hits="1" number="355"/>
						<line hits="1" number="356"/>
						<line hits="1" number="357"/>
						<line hits="1" number="358"/>
						<line hits="1" number="359"/>
						<line hits="1" number="362"/>
						<line hits="1" number="367"/>
						<line hits="1" number="368"/>
						<line hits="1" number="369"/>
						<line hits="1" number="370"/>
						<line hits="1" number="375"/>
						<line hits="1" number="376"/>
						<line hits="1" number="377"/>
						<line hits="1" number="378"/>
						<line hits="1" number="379"/>
						<line hits="1" number="380"/>
						<line hits="1" number="381"/>
						<line hits="1" number="382"/>
						<line hits="1" number="383"/>
						<line hits="1" number="384"/>
						<line hits="1" number="385"/>
						<line hits="1" number="386"/>
						<line hits="1" number="387"/>
						<line hits="1" number="390"/>
						<line hits="1" number="391"/>
						<line hits="1" number="392"/>
						<line hits="1" number="393"/>
						<line hits="1" number="394"/>
						<line hits="1" number="399"/>
						<line hits="1" number="400"/>
						<line hits="1" number="401"/>
						<line hits="1" number="402"/>
						<line hits="1" number="407"/>
						<line hits="1" number="408"/>
						<line hits="1" number="410"/>
						<line hits="1" number="411"/>
						<line hits="1" number="414"/>
						<line hits="1" number="415"/>
						<line hits="1" number="416"/>
						<line hits="0" number="420"/>
						<line hits="0" number="422"/>
						<line hits="1" number="426"/>
						<line hits="1" number="430"/>
						<line hits="1" number="433"/>
						<line hits="1" number="436"/>
						<line hits="1" number="442"/>
						<line hits="1" number="443"/>
						<line hits="1" number="446"/>
						<line hits="1" number="447"/>
						<line hits="1" number="448"/>
						<line hits="1" number="449"/>
						<line hits="1" number="450"/>
						<line hits="1" number="451"/>
						<line hits="1" number="452"/>
						<line hits="1" number="456"/>
						<line hits="1" number="457"/>
						<line hits="1" number="458"/>
						<line hits="1" number="459"/>
						<line hits="1" number="460"/>
						<line hits="1" number="461"/>
						<line hits="1" number="465"/>
						<line hits="1" number="466"/>
						<line hits="1" number="467"/>
						<line hits="1" number="468"/>
						<line hits="1" number="469"/>
						<line hits="1" number="472"/>
						<line hits="1" number="476"/>
						<line hits="1" number="479"/>
						<line hits="1" number="480"/>
						<line hits="1" number="483"/>
						<line hits="1" number="489"/>
						<line hits="1" number="490"/>
						<line hits="1" number="491"/>
						<line hits="1" number="493"/>
						<line hits="0" number="497"/>
						<line hits="0" number="499"/>
						<line hits="0" number="500"/>
						<line hits="0" number="503"/>
						<line hits="0" number="504"/>
						<line hits="0" number="507"/>
						<line hits="0" number="509"/>
						<line hits="0" number="513"/>
						<line hits="0" number="516"/>
						<line hits="0" number="518"/>
						<line hits="0" number="523"/>
						<line hits="0" number="526"/>
						<line hits="0" number="529"/>
						<line hits="0" number="530"/>
						<line hits="0" number="532"/>
						<line hits="1" number="539"/>
						<line hits="1" number="541"/>
						<line hits="1" number="542"/>
						<line hits="1" number="545"/>
						<line hits="1" number="546"/>
						<line hits="0" number="549"/>
						<line hits="0" number="551"/>
						<line hits="1" number="555"/>
						<line hits="1" number="558"/>
						<line hits="1" number="560"/>
						<line hits="0" number="565"/>
						<line hits="1" number="568"/>
						<line hits="0" number="571"/>
						<line hits="0" number="572"/>
						<line hits="0" number="574"/>
						<line hits="1" number="579"/>
						<line hits="1" number="582"/>
						<line hits="1" number="586"/>
						<line hits="1" number="589"/>
						<line hits="1" number="590"/>
						<line hits="1" number="593"/>
						<line hits="1" number="600"/>
						<line hits="1" number="601"/>
						<line hits="1" number="602"/>
						<line hits="1" number="606"/>
						<line hits="1" number="607"/>
						<line hits="1" number="608"/>
						<line hits="1" number="609"/>
						<line hits="1" number="610"/>
						<line hits="1" number="611"/>
						<line hits="1" number="613"/>
						<line hits="1" number="614"/>
						<line hits="1" number="615"/>
						<line hits="1" number="616"/>
						<line hits="1" number="617"/>
						<line hits="0" number="619"/>
						<line hits="0" number="620"/>
						<line hits="1" number="625"/>
						<line hits="1" number="626"/>
						<line hits="1" number="627"/>
						<line hits="1" number="628"/>
						<line hits="1" number="629"/>
						<line hits="1" number="631"/>
						<line hits="1" number="632"/>
						<line hits="1" number="636"/>
						<line hits="1" number="637"/>
						<line hits="1" number="638"/>
						<line hits="1" number="640"/>
						<line hits="1" number="641"/>
						<line hits="1" number="642"/>
						<line hits="1" number="643"/>
						<line hits="1" number="647"/>
						<line hits="0" number="648"/>
						<line hits="0" number="649"/>
						<line hits="0" number="650"/>
						<line hits="0" number="655"/>
						<line hits="0" number="656"/>
						<line hits="0" number="657"/>
						<line hits="0" number="658"/>
						<line hits="0" number="659"/>
						<line hits="0" number="660"/>
						<line hits="0" number="661"/>
						<line hits="0" number="662"/>
						<line hits="0" number="663"/>
						<line hits="0" number="664"/>
						<line hits="0" number="665"/>
						<line hits="0" number="666"/>
						<line hits="0" number="667"/>
						<line hits="0" number="668"/>
						<line hits="0" number="669"/>
						<line hits="0" number="670"/>
						<line hits="0" number="671"/>
						<line hits="0" number="672"/>
						<line hits="0" number="673"/>
						<line hits="0" number="674"/>
						<line hits="0" number="675"/>
						<line hits="0" number="678"/>
						<line hits="0" number="679"/>
						<line hits="0" number="680"/>
						<line hits="0" number="683"/>
						<line hits="0" number="684"/>
						<line hits="0" number="685"/>
						<line hits="0" number="686"/>
						<line hits="0" number="689"/>
						<line hits="0" number="690"/>
						<line hits="0" number="691"/>
						<line hits="0" number="692"/>
						<line hits="1" number="694"/>
						<line hits="1" number="696"/>
						<line hits="1" number="700"/>
						<line hits="1" number="701"/>
						<line hits="1" number="702"/>
						<line hits="1" number="703"/>
						<line hits="1" number="708"/>
						<line hits="0" number="709"/>
						<line hits="0" number="710"/>
						<line hits="0" number="711"/>
						<line hits="0" number="712"/>
						<line hits="0" number="713"/>
						<line hits="0" number="714"/>
						<line hits="0" number="715"/>
						<line hits="0" number="716"/>
						<line hits="0" number="717"/>
						<line hits="0" number="719"/>
						<line hits="0" number="720"/>
						<line hits="0" number="721"/>
						<line hits="0" number="723"/>
						<line hits="0" number="724"/>
						<line hits="0" number="726"/>
						<line hits="0" number="729"/>
						<line hits="0" number="730"/>
						<line hits="0" number="732"/>
						<line hits="0" number="733"/>
						<line hits="1" number="737"/>
						<line hits="1" number="738"/>
						<line hits="1" number="739"/>
						<line hits="1" number="741"/>
						<line hits="1" number="742"/>
						<line hits="1" number="746"/>
					</lines>
				</class>
				<class branch-rate="0" complexity="0" filename="/home/ppp/git_projects/tensorflow-neuroevolution/tfne/algorithms/codeepneat/_codeepneat_evolution_mod.py" line-rate="1" name="_codeepneat_evolution_mod.py">
					<methods/>
					<lines>
						<line hits="1" number="1"/>
						<line hits="1" number="4"/>
						<line hits="1" number="5"/>
						<line hits="1" number="8"/>
						<line hits="1" number="12"/>
						<line hits="1" number="13"/>
						<line hits="1" number="14"/>
						<line hits="1" number="16"/>
						<line hits="1" number="18"/>
						<line hits="1" number="23"/>
						<line hits="1" number="24"/>
						<line hits="1" number="25"/>
						<line hits="1" number="30"/>
						<line hits="1" number="32"/>
						<line hits="1" number="33"/>
						<line hits="1" number="34"/>
						<line hits="1" number="38"/>
						<line hits="1" number="39"/>
						<line hits="1" number="46"/>
						<line hits="1" number="47"/>
						<line hits="1" number="48"/>
						<line hits="1" number="51"/>
						<line hits="1" number="52"/>
						<line hits="1" number="55"/>
						<line hits="1" number="57"/>
						<line hits="1" number="59"/>
						<line hits="1" number="62"/>
						<line hits="1" number="63"/>
						<line hits="1" number="64"/>
						<line hits="1" number="68"/>
						<line hits="1" number="69"/>
						<line hits="1" number="72"/>
					</lines>
				</class>
				<class branch-rate="0" complexity="0" filename="/home/ppp/git_projects/tensorflow-neuroevolution/tfne/algorithms/codeepneat/_codeepneat_initialization.py" line-rate="0.8182" name="_codeepneat_initialization.py">
					<methods/>
					<lines>
						<line hits="1" number="1"/>
						<line hits="1" number="3"/>
						<line hits="1" number="4"/>
						<line hits="1" number="7"/>
						<line hits="1" number="8"/>
						<line hits="1" number="11"/>
						<line hits="1" number="16"/>
						<line hits="1" number="17"/>
						<line hits="1" number="18"/>
						<line hits="1" number="19"/>
						<line hits="1" number="20"/>
						<line hits="1" number="21"/>
						<line hits="1" number="22"/>
						<line hits="1" number="25"/>
						<line hits="1" number="26"/>
						<line hits="1" number="30"/>
						<line hits="1" number="34"/>
						<line hits="1" number="36"/>
						<line hits="1" number="37"/>
						<line hits="1" number="40"/>
						<line hits="1" number="41"/>
						<line hits="0" number="43"/>
						<line hits="0" number="45"/>
						<line hits="1" number="49"/>
						<line hits="1" number="51"/>
						<line hits="1" number="53"/>
						<line hits="0" number="58"/>
						<line hits="1" number="61"/>
						<line hits="0" number="64"/>
						<line hits="0" number="65"/>
						<line hits="0" number="67"/>
						<line hits="1" number="71"/>
						<line hits="1" number="74"/>
					</lines>
				</class>
				<class branch-rate="0" complexity="0" filename="/home/ppp/git_projects/tensorflow-neuroevolution/tfne/algorithms/codeepneat/_codeepneat_selection_bp.py" line-rate="0.8511" name="_codeepneat_selection_bp.py">
					<methods/>
					<lines>
						<line hits="1" number="1"/>
						<line hits="1" number="2"/>
						<line hits="1" number="5"/>
						<line hits="1" number="6"/>
						<line hits="1" number="13"/>
						<line hits="1" number="14"/>
						<line hits="1" number="17"/>
						<line hits="1" number="20"/>
						<line hits="1" number="21"/>
						<line hits="1" number="22"/>
						<line hits="1" number="26"/>
						<line hits="1" number="27"/>
						<line hits="1" number="28"/>
						<line hits="1" number="29"/>
						<line hits="1" number="30"/>
						<line hits="1" number="31"/>
						<line hits="1" number="34"/>
						<line hits="1" number="39"/>
						<line hits="1" number="44"/>
						<line hits="1" number="46"/>
						<line hits="1" number="53"/>
						<line hits="1" number="58"/>
						<line hits="1" number="59"/>
						<line hits="1" number="60"/>
						<line hits="1" number="62"/>
						<line hits="1" number="63"/>
						<line hits="1" number="65"/>
						<line hits="1" number="66"/>
						<line hits="1" number="70"/>
						<line hits="1" number="71"/>
						<line hits="1" number="72"/>
						<line hits="1" number="73"/>
						<line hits="1" number="74"/>
						<line hits="1" number="75"/>
						<line hits="0" number="78"/>
						<line hits="0" number="79"/>
						<line hits="0" number="80"/>
						<line hits="0" number="81"/>
						<line hits="0" number="82"/>
						<line hits="0" number="83"/>
						<line hits="0" number="84"/>
						<line hits="1" number="90"/>
						<line hits="1" number="91"/>
						<line hits="1" number="92"/>
						<line hits="1" number="95"/>
						<line hits="1" number="101"/>
						<line hits="1" number="104"/>
						<line hits="1" number="105"/>
						<line hits="1" number="107"/>
						<line hits="1" number="108"/>
						<line hits="1" number="109"/>
						<line hits="1" number="111"/>
						<line hits="1" number="113"/>
						<line hits="1" number="114"/>
						<line hits="1" number="121"/>
						<line hits="1" number="122"/>
						<line hits="1" number="124"/>
						<line hits="1" number="127"/>
						<line hits="1" number="128"/>
						<line hits="1" number="131"/>
						<line hits="1" number="132"/>
						<line hits="1" number="133"/>
						<line hits="1" number="137"/>
						<line hits="1" number="138"/>
						<line hits="1" number="139"/>
						<line hits="1" number="140"/>
						<line hits="1" number="141"/>
						<line hits="1" number="142"/>
						<line hits="1" number="145"/>
						<line hits="1" number="152"/>
						<line hits="1" number="153"/>
						<line hits="1" number="154"/>
						<line hits="1" number="155"/>
						<line hits="0" number="156"/>
						<line hits="1" number="160"/>
						<line hits="1" number="161"/>
						<line hits="1" number="162"/>
						<line hits="0" number="163"/>
						<line hits="0" number="164"/>
						<line hits="0" number="165"/>
						<line hits="0" number="166"/>
						<line hits="1" number="172"/>
						<line hits="1" number="173"/>
						<line hits="1" number="174"/>
						<line hits="1" number="175"/>
						<line hits="1" number="177"/>
						<line hits="0" number="178"/>
						<line hits="0" number="179"/>
						<line hits="1" number="181"/>
						<line hits="1" number="182"/>
						<line hits="1" number="183"/>
						<line hits="1" number="188"/>
						<line hits="1" number="190"/>
						<line hits="1" number="193"/>
					</lines>
				</class>
				<class branch-rate="0" complexity="0" filename="/home/ppp/git_projects/tensorflow-neuroevolution/tfne/algorithms/codeepneat/_codeepneat_selection_mod.py" line-rate="0.9752" name="_codeepneat_selection_mod.py">
					<methods/>
					<lines>
						<line hits="1" number="1"/>
						<line hits="1" number="2"/>
						<line hits="1" number="5"/>
						<line hits="1" number="6"/>
						<line hits="1" number="12"/>
						<line hits="1" number="13"/>
						<line hits="1" number="15"/>
						<line hits="1" number="18"/>
						<line hits="1" number="21"/>
						<line hits="1" number="22"/>
						<line hits="1" number="23"/>
						<line hits="1" number="27"/>
						<line hits="1" number="28"/>
						<line hits="1" number="29"/>
						<line hits="1" number="30"/>
						<line hits="1" number="31"/>
						<line hits="1" number="32"/>
						<line hits="1" number="35"/>
						<line hits="1" number="41"/>
						<line hits="1" number="42"/>
						<line hits="1" number="43"/>
						<line hits="1" number="44"/>
						<line hits="1" number="51"/>
						<line hits="1" number="52"/>
						<line hits="1" number="53"/>
						<line hits="1" number="54"/>
						<line hits="1" number="55"/>
						<line hits="1" number="56"/>
						<line hits="1" number="58"/>
						<line hits="0" number="59"/>
						<line hits="0" number="60"/>
						<line hits="1" number="62"/>
						<line hits="1" number="63"/>
						<line hits="1" number="64"/>
						<line hits="1" number="70"/>
						<line hits="1" number="71"/>
						<line hits="1" number="73"/>
						<line hits="1" number="82"/>
						<line hits="1" number="83"/>
						<line hits="1" number="84"/>
						<line hits="1" number="85"/>
						<line hits="1" number="86"/>
						<line hits="1" number="88"/>
						<line hits="1" number="91"/>
						<line hits="1" number="96"/>
						<line hits="1" number="97"/>
						<line hits="1" number="98"/>
						<line hits="1" number="100"/>
						<line hits="1" number="101"/>
						<line hits="1" number="103"/>
						<line hits="1" number="104"/>
						<line hits="1" number="107"/>
						<line hits="1" number="108"/>
						<line hits="0" number="109"/>
						<line hits="1" number="113"/>
						<line hits="1" number="114"/>
						<line hits="1" number="115"/>
						<line hits="1" number="116"/>
						<line hits="1" number="117"/>
						<line hits="1" number="118"/>
						<line hits="1" number="121"/>
						<line hits="1" number="122"/>
						<line hits="1" number="123"/>
						<line hits="1" number="124"/>
						<line hits="1" number="125"/>
						<line hits="1" number="126"/>
						<line hits="1" number="127"/>
						<line hits="1" number="128"/>
						<line hits="1" number="134"/>
						<line hits="1" number="135"/>
						<line hits="1" number="136"/>
						<line hits="1" number="139"/>
						<line hits="1" number="145"/>
						<line hits="1" number="148"/>
						<line hits="1" number="149"/>
						<line hits="1" number="151"/>
						<line hits="1" number="152"/>
						<line hits="1" number="153"/>
						<line hits="1" number="155"/>
						<line hits="1" number="157"/>
						<line hits="1" number="158"/>
						<line hits="1" number="165"/>
						<line hits="1" number="166"/>
						<line hits="1" number="168"/>
						<line hits="1" number="171"/>
						<line hits="1" number="172"/>
						<line hits="1" number="175"/>
						<line hits="1" number="176"/>
						<line hits="1" number="177"/>
						<line hits="1" number="181"/>
						<line hits="1" number="182"/>
						<line hits="1" number="183"/>
						<line hits="1" number="184"/>
						<line hits="1" number="185"/>
						<line hits="1" number="186"/>
						<line hits="1" number="189"/>
						<line hits="1" number="196"/>
						<line hits="1" number="197"/>
						<line hits="1" number="198"/>
						<line hits="1" number="199"/>
						<line hits="1" number="200"/>
						<line hits="1" number="204"/>
						<line hits="1" number="205"/>
						<line hits="1" number="206"/>
						<line hits="1" number="207"/>
						<line hits="1" number="208"/>
						<line hits="1" number="209"/>
						<line hits="1" number="210"/>
						<line hits="1" number="216"/>
						<line hits="1" number="217"/>
						<line hits="1" number="218"/>
						<line hits="1" number="219"/>
						<line hits="1" number="221"/>
						<line hits="1" number="222"/>
						<line hits="1" number="223"/>
						<line hits="1" number="225"/>
						<line hits="1" number="226"/>
						<line hits="1" number="227"/>
						<line hits="1" number="233"/>
						<line hits="1" number="235"/>
						<line hits="1" number="238"/>
					</lines>
				</class>
				<class branch-rate="0" complexity="0" filename="/home/ppp/git_projects/tensorflow-neuroevolution/tfne/algorithms/codeepneat/_codeepneat_speciation_bp.py" line-rate="0.7111" name="_codeepneat_speciation_bp.py">
					<methods/>
					<lines>
						<line hits="1" number="1"/>
						<line hits="1" number="2"/>
						<line hits="1" number="5"/>
						<line hits="1" number="6"/>
						<line hits="1" number="11"/>
						<line hits="1" number="12"/>
						<line hits="1" number="13"/>
						<line hits="1" number="14"/>
						<line hits="0" number="15"/>
						<line hits="1" number="19"/>
						<line hits="1" number="21"/>
						<line hits="1" number="26"/>
						<line hits="1" number="27"/>
						<line hits="1" number="28"/>
						<line hits="1" number="29"/>
						<line hits="1" number="30"/>
						<line hits="1" number="36"/>
						<line hits="1" number="37"/>
						<line hits="1" number="40"/>
						<line hits="1" number="41"/>
						<line hits="1" number="42"/>
						<line hits="1" number="43"/>
						<line hits="1" number="49"/>
						<line hits="1" number="50"/>
						<line hits="1" number="51"/>
						<line hits="1" number="52"/>
						<line hits="0" number="54"/>
						<line hits="0" number="57"/>
						<line hits="1" number="60"/>
						<line hits="1" number="61"/>
						<line hits="1" number="62"/>
						<line hits="1" number="64"/>
						<line hits="1" number="67"/>
						<line hits="1" number="74"/>
						<line hits="1" number="75"/>
						<line hits="0" number="76"/>
						<line hits="0" number="77"/>
						<line hits="0" number="78"/>
						<line hits="0" number="79"/>
						<line hits="0" number="81"/>
						<line hits="0" number="83"/>
						<line hits="0" number="85"/>
						<line hits="0" number="89"/>
						<line hits="0" number="90"/>
						<line hits="0" number="93"/>
					</lines>
				</class>
				<class branch-rate="0" complexity="0" filename="/home/ppp/git_projects/tensorflow-neuroevolution/tfne/algorithms/codeepneat/_codeepneat_speciation_mod.py" line-rate="0.9839" name="_codeepneat_speciation_mod.py">
					<methods/>
					<lines>
						<line hits="1" number="1"/>
						<line hits="1" number="2"/>
						<line hits="1" number="5"/>
						<line hits="1" number="6"/>
						<line hits="1" number="10"/>
						<line hits="1" number="11"/>
						<line hits="1" number="12"/>
						<line hits="1" number="13"/>
						<line hits="1" number="14"/>
						<line hits="1" number="19"/>
						<line hits="1" number="20"/>
						<line hits="1" number="21"/>
						<line hits="1" number="22"/>
						<line hits="1" number="24"/>
						<line hits="1" number="25"/>
						<line hits="1" number="26"/>
						<line hits="1" number="27"/>
						<line hits="1" number="29"/>
						<line hits="1" number="33"/>
						<line hits="1" number="34"/>
						<line hits="1" number="35"/>
						<line hits="1" number="36"/>
						<line hits="1" number="37"/>
						<line hits="1" number="44"/>
						<line hits="1" number="45"/>
						<line hits="1" number="46"/>
						<line hits="1" number="47"/>
						<line hits="1" number="48"/>
						<line hits="1" number="50"/>
						<line hits="1" number="52"/>
						<line hits="1" number="53"/>
						<line hits="1" number="54"/>
						<line hits="1" number="58"/>
						<line hits="1" number="59"/>
						<line hits="1" number="60"/>
						<line hits="0" number="61"/>
						<line hits="1" number="63"/>
						<line hits="1" number="64"/>
						<line hits="1" number="65"/>
						<line hits="1" number="71"/>
						<line hits="1" number="72"/>
						<line hits="1" number="73"/>
						<line hits="1" number="74"/>
						<line hits="1" number="76"/>
						<line hits="1" number="79"/>
						<line hits="1" number="82"/>
						<line hits="1" number="83"/>
						<line hits="1" number="84"/>
						<line hits="1" number="85"/>
						<line hits="1" number="87"/>
						<line hits="1" number="90"/>
						<line hits="1" number="97"/>
						<line hits="1" number="98"/>
						<line hits="1" number="99"/>
						<line hits="1" number="100"/>
						<line hits="1" number="101"/>
						<line hits="1" number="102"/>
						<line hits="1" number="104"/>
						<line hits="1" number="106"/>
						<line hits="1" number="111"/>
						<line hits="1" number="112"/>
						<line hits="1" number="115"/>
					</lines>
				</class>
				<class branch-rate="0" complexity="0" filename="/home/ppp/git_projects/tensorflow-neuroevolution/tfne/algorithms/codeepneat/codeepneat.py" line-rate="0.8757" name="codeepneat.py">
					<methods/>
					<lines>
						<line hits="1" number="1"/>
						<line hits="1" number="2"/>
						<line hits="1" number="3"/>
						<line hits="1" number="4"/>
						<line hits="1" number="5"/>
						<line hits="1" number="7"/>
						<line hits="1" number="8"/>
						<line hits="1" number="10"/>
						<line hits="1" number="11"/>
						<line hits="1" number="12"/>
						<line hits="1" number="14"/>
						<line hits="1" number="15"/>
						<line hits="1" number="16"/>
						<line hits="1" number="17"/>
						<line hits="1" number="18"/>
						<line hits="1" number="19"/>
						<line hits="1" number="20"/>
						<line hits="1" number="21"/>
						<line hits="1" number="24"/>
						<line hits="1" number="35"/>
						<line hits="1" number="38"/>
						<line hits="1" number="39"/>
						<line hits="1" number="40"/>
						<line hits="1" number="43"/>
						<line hits="1" number="44"/>
						<line hits="1" number="48"/>
						<line hits="0" number="50"/>
						<line hits="0" number="51"/>
						<line hits="0" number="54"/>
						<line hits="0" number="56"/>
						<line hits="1" number="61"/>
						<line hits="1" number="62"/>
						<line hits="1" number="64"/>
						<line hits="1" number="67"/>
						<line hits="0" number="68"/>
						<line hits="0" number="69"/>
						<line hits="0" number="75"/>
						<line hits="1" number="78"/>
						<line hits="1" number="83"/>
						<line hits="1" number="84"/>
						<line hits="1" number="87"/>
						<line hits="1" number="88"/>
						<line hits="1" number="97"/>
						<line hits="1" number="98"/>
						<line hits="1" number="99"/>
						<line hits="1" number="100"/>
						<line hits="1" number="102"/>
						<line hits="1" number="104"/>
						<line hits="1" number="107"/>
						<line hits="1" number="108"/>
						<line hits="1" number="109"/>
						<line hits="1" number="113"/>
						<line hits="1" number="114"/>
						<line hits="1" number="115"/>
						<line hits="1" number="118"/>
						<line hits="1" number="119"/>
						<line hits="1" number="128"/>
						<line hits="1" number="129"/>
						<line hits="1" number="130"/>
						<line hits="1" number="132"/>
						<line hits="1" number="134"/>
						<line hits="1" number="137"/>
						<line hits="1" number="140"/>
						<line hits="1" number="141"/>
						<line hits="1" number="144"/>
						<line hits="1" number="145"/>
						<line hits="1" number="147"/>
						<line hits="1" number="151"/>
						<line hits="1" number="154"/>
						<line hits="1" number="155"/>
						<line hits="1" number="156"/>
						<line hits="1" number="157"/>
						<line hits="1" number="158"/>
						<line hits="1" number="159"/>
						<line hits="1" number="160"/>
						<line hits="1" number="164"/>
						<line hits="1" number="166"/>
						<line hits="1" number="169"/>
						<line hits="1" number="171"/>
						<line hits="1" number="174"/>
						<line hits="1" number="175"/>
						<line hits="1" number="176"/>
						<line hits="1" number="177"/>
						<line hits="1" number="179"/>
						<line hits="1" number="182"/>
						<line hits="0" number="188"/>
						<line hits="0" number="191"/>
						<line hits="0" number="192"/>
						<line hits="0" number="193"/>
						<line hits="0" number="194"/>
						<line hits="0" number="195"/>
						<line hits="0" number="201"/>
						<line hits="0" number="202"/>
						<line hits="1" number="208"/>
						<line hits="1" number="209"/>
						<line hits="1" number="212"/>
						<line hits="1" number="213"/>
						<line hits="1" number="214"/>
						<line hits="1" number="220"/>
						<line hits="1" number="221"/>
						<line hits="1" number="224"/>
						<line hits="0" number="225"/>
						<line hits="1" number="228"/>
						<line hits="1" number="229"/>
						<line hits="1" number="230"/>
						<line hits="1" number="231"/>
						<line hits="1" number="232"/>
						<line hits="1" number="234"/>
						<line hits="1" number="237"/>
						<line hits="1" number="238"/>
						<line hits="1" number="239"/>
						<line hits="1" number="243"/>
						<line hits="1" number="247"/>
						<line hits="1" number="248"/>
						<line hits="1" number="252"/>
						<line hits="1" number="253"/>
						<line hits="1" number="254"/>
						<line hits="1" number="257"/>
						<line hits="1" number="258"/>
						<line hits="1" number="259"/>
						<line hits="1" number="260"/>
						<line hits="1" number="261"/>
						<line hits="1" number="263"/>
						<line hits="1" number="266"/>
						<line hits="1" number="267"/>
						<line hits="1" number="268"/>
						<line hits="1" number="269"/>
						<line hits="1" number="270"/>
						<line hits="1" number="272"/>
						<line hits="1" number="274"/>
						<line hits="1" number="276"/>
						<line hits="1" number="278"/>
						<line hits="1" number="280"/>
						<line hits="1" number="283"/>
						<line hits="1" number="284"/>
						<line hits="1" number="285"/>
						<line hits="1" number="286"/>
						<line hits="1" number="287"/>
						<line hits="1" number="288"/>
						<line hits="0" number="290"/>
						<line hits="1" number="293"/>
						<line hits="0" number="294"/>
						<line hits="1" number="297"/>
						<line hits="1" number="298"/>
						<line hits="1" number="299"/>
						<line hits="1" number="300"/>
						<line hits="1" number="301"/>
						<line hits="1" number="302"/>
						<line hits="0" number="304"/>
						<line hits="1" number="307"/>
						<line hits="0" number="308"/>
						<line hits="1" number="311"/>
						<line hits="1" number="314"/>
						<line hits="1" number="317"/>
						<line hits="1" number="318"/>
						<line hits="1" number="319"/>
						<line hits="1" number="320"/>
						<line hits="1" number="321"/>
						<line hits="1" number="322"/>
						<line hits="0" number="324"/>
						<line hits="1" number="327"/>
						<line hits="1" number="328"/>
						<line hits="1" number="329"/>
						<line hits="1" number="330"/>
						<line hits="1" number="331"/>
						<line hits="1" number="332"/>
						<line hits="0" number="334"/>
						<line hits="1" number="338"/>
						<line hits="1" number="339"/>
						<line hits="1" number="341"/>
						<line hits="1" number="345"/>
						<line hits="0" number="346"/>
						<line hits="1" number="347"/>
						<line hits="1" number="348"/>
						<line hits="1" number="351"/>
						<line hits="1" number="352"/>
						<line hits="1" number="355"/>
						<line hits="1" number="358"/>
						<line hits="1" number="361"/>
						<line hits="1" number="362"/>
						<line hits="1" number="363"/>
						<line hits="1" number="367"/>
						<line hits="1" number="369"/>
						<line hits="1" number="371"/>
						<line hits="1" number="373"/>
					</lines>
				</class>
			</classes>
		</package>
		<package branch-rate="0" complexity="0" line-rate="0.2963" name=".home.ppp.git_projects.tensorflow-neuroevolution.tfne.deserialization">
			<classes>
				<class branch-rate="0" complexity="0" filename="/home/ppp/git_projects/tensorflow-neuroevolution/tfne/deserialization/__init__.py" line-rate="1" name="__init__.py">
					<methods/>
					<lines>
						<line hits="1" number="2"/>
						<line hits="1" number="3"/>
						<line hits="1" number="4"/>
						<line hits="1" number="5"/>
					</lines>
				</class>
				<class branch-rate="0" complexity="0" filename="/home/ppp/git_projects/tensorflow-neuroevolution/tfne/deserialization/deserialization.py" line-rate="0.24" name="deserialization.py">
					<methods/>
					<lines>
						<line hits="1" number="1"/>
						<line hits="1" number="2"/>
						<line hits="1" number="4"/>
						<line hits="1" number="5"/>
						<line hits="1" number="6"/>
						<line hits="1" number="8"/>
						<line hits="1" number="9"/>
						<line hits="1" number="10"/>
						<line hits="1" number="13"/>
						<line hits="0" number="22"/>
						<line hits="0" number="24"/>
						<line hits="0" number="27"/>
						<line hits="0" number="29"/>
						<line hits="0" number="30"/>
						<line hits="0" number="32"/>
						<line hits="0" number="33"/>
						<line hits="0" number="35"/>
						<line hits="1" number="39"/>
						<line hits="0" number="49"/>
						<line hits="0" number="51"/>
						<line hits="0" number="54"/>
						<line hits="0" number="56"/>
						<line hits="0" number="57"/>
						<line hits="0" number="59"/>
						<line hits="0" number="60"/>
						<line hits="0" number="62"/>
						<line hits="1" number="66"/>
						<line hits="0" number="76"/>
						<line hits="0" number="78"/>
						<line hits="0" number="81"/>
						<line hits="0" number="83"/>
						<line hits="0" number="84"/>
						<line hits="0" number="86"/>
						<line hits="0" number="87"/>
						<line hits="0" number="89"/>
						<line hits="1" number="93"/>
						<line hits="0" number="109"/>
						<line hits="0" number="111"/>
						<line hits="0" number="114"/>
						<line hits="0" number="116"/>
						<line hits="0" number="117"/>
						<line hits="0" number="119"/>
						<line hits="0" number="120"/>
						<line hits="0" number="121"/>
						<line hits="0" number="124"/>
						<line hits="0" number="125"/>
						<line hits="0" number="126"/>
						<line hits="0" number="129"/>
						<line hits="0" number="130"/>
						<line hits="0" number="132"/>
					</lines>
				</class>
			</classes>
		</package>
		<package branch-rate="0" complexity="0" line-rate="0.2429" name=".home.ppp.git_projects.tensorflow-neuroevolution.tfne.deserialization.codeepneat">
			<classes>
				<class branch-rate="0" complexity="0" filename="/home/ppp/git_projects/tensorflow-neuroevolution/tfne/deserialization/codeepneat/__init__.py" line-rate="1" name="__init__.py">
					<methods/>
					<lines>
						<line hits="1" number="2"/>
						<line hits="1" number="3"/>
						<line hits="1" number="4"/>
					</lines>
				</class>
				<class branch-rate="0" complexity="0" filename="/home/ppp/git_projects/tensorflow-neuroevolution/tfne/deserialization/codeepneat/codeepneat_deserialization.py" line-rate="0.209" name="codeepneat_deserialization.py">
					<methods/>
					<lines>
						<line hits="1" number="1"/>
						<line hits="1" number="3"/>
						<line hits="1" number="4"/>
						<line hits="1" number="5"/>
						<line hits="1" number="6"/>
						<line hits="1" number="7"/>
						<line hits="1" number="8"/>
						<line hits="1" number="9"/>
						<line hits="1" number="10"/>
						<line hits="1" number="13"/>
						<line hits="0" number="24"/>
						<line hits="0" number="26"/>
						<line hits="0" number="27"/>
						<line hits="0" number="28"/>
						<line hits="0" number="29"/>
						<line hits="0" number="32"/>
						<line hits="0" number="33"/>
						<line hits="0" number="34"/>
						<line hits="0" number="35"/>
						<line hits="0" number="38"/>
						<line hits="0" number="39"/>
						<line hits="0" number="42"/>
						<line hits="0" number="43"/>
						<line hits="0" number="44"/>
						<line hits="0" number="47"/>
						<line hits="0" number="48"/>
						<line hits="0" number="49"/>
						<line hits="0" number="52"/>
						<line hits="0" number="55"/>
						<line hits="1" number="58"/>
						<line hits="0" number="67"/>
						<line hits="0" number="70"/>
						<line hits="0" number="71"/>
						<line hits="0" number="72"/>
						<line hits="0" number="73"/>
						<line hits="0" number="74"/>
						<line hits="0" number="75"/>
						<line hits="0" number="76"/>
						<line hits="0" number="77"/>
						<line hits="0" number="80"/>
						<line hits="0" number="81"/>
						<line hits="0" number="82"/>
						<line hits="0" number="83"/>
						<line hits="0" number="84"/>
						<line hits="0" number="86"/>
						<line hits="1" number="89"/>
						<line hits="0" number="98"/>
						<line hits="0" number="101"/>
						<line hits="0" number="102"/>
						<line hits="0" number="103"/>
						<line hits="0" number="108"/>
						<line hits="0" number="115"/>
						<line hits="0" number="116"/>
						<line hits="1" number="119"/>
						<line hits="0" number="128"/>
						<line hits="0" number="129"/>
						<line hits="0" number="133"/>
						<line hits="0" number="134"/>
						<line hits="0" number="138"/>
						<line hits="1" number="143"/>
						<line hits="0" number="150"/>
						<line hits="0" number="151"/>
						<line hits="0" number="152"/>
						<line hits="0" number="153"/>
						<line hits="0" number="155"/>
						<line hits="0" number="160"/>
						<line hits="0" number="163"/>
					</lines>
				</class>
			</classes>
		</package>
		<package branch-rate="0" complexity="0" line-rate="0.7255" name=".home.ppp.git_projects.tensorflow-neuroevolution.tfne.encodings">
			<classes>
				<class branch-rate="0" complexity="0" filename="/home/ppp/git_projects/tensorflow-neuroevolution/tfne/encodings/__init__.py" line-rate="1" name="__init__.py">
					<methods/>
					<lines>
						<line hits="1" number="2"/>
						<line hits="1" number="3"/>
						<line hits="1" number="4"/>
						<line hits="1" number="5"/>
					</lines>
				</class>
				<class branch-rate="0" complexity="0" filename="/home/ppp/git_projects/tensorflow-neuroevolution/tfne/encodings/base_encoding.py" line-rate="0.7778" name="base_encoding.py">
					<methods/>
					<lines>
						<line hits="1" number="1"/>
						<line hits="1" number="3"/>
						<line hits="1" number="6"/>
						<line hits="1" number="9"/>
						<line hits="1" number="10"/>
						<line hits="0" number="12"/>
						<line hits="1" number="14"/>
						<line hits="1" number="15"/>
						<line hits="0" number="17"/>
					</lines>
				</class>
				<class branch-rate="0" complexity="0" filename="/home/ppp/git_projects/tensorflow-neuroevolution/tfne/encodings/base_genome.py" line-rate="0.6842" name="base_genome.py">
					<methods/>
					<lines>
						<line hits="1" number="1"/>
						<line hits="1" number="2"/>
						<line hits="1" number="4"/>
						<line hits="1" number="7"/>
						<line hits="1" number="10"/>
						<line hits="1" number="11"/>
						<line hits="0" number="13"/>
						<line hits="1" number="15"/>
						<line hits="1" number="16"/>
						<line hits="0" number="18"/>
						<line hits="1" number="20"/>
						<line hits="1" number="21"/>
						<line hits="0" number="23"/>
						<line hits="1" number="25"/>
						<line hits="1" number="26"/>
						<line hits="0" number="28"/>
						<line hits="1" number="30"/>
						<line hits="1" number="31"/>
						<line hits="0" number="33"/>
						<line hits="1" number="35"/>
						<line hits="0" number="38"/>
						<line hits="1" number="40"/>
						<line hits="0" number="43"/>
						<line hits="1" number="45"/>
						<line hits="1" number="46"/>
						<line hits="0" number="48"/>
						<line hits="1" number="50"/>
						<line hits="1" number="51"/>
						<line hits="0" number="53"/>
						<line hits="1" number="55"/>
						<line hits="1" number="56"/>
						<line hits="0" number="58"/>
						<line hits="1" number="60"/>
						<line hits="1" number="61"/>
						<line hits="0" number="63"/>
						<line hits="1" number="65"/>
						<line hits="1" number="66"/>
						<line hits="0" number="68"/>
					</lines>
				</class>
			</classes>
		</package>
		<package branch-rate="0" complexity="0" line-rate="0.7602" name=".home.ppp.git_projects.tensorflow-neuroevolution.tfne.encodings.codeepneat">
			<classes>
				<class branch-rate="0" complexity="0" filename="/home/ppp/git_projects/tensorflow-neuroevolution/tfne/encodings/codeepneat/__init__.py" line-rate="1" name="__init__.py">
					<methods/>
					<lines>
						<line hits="1" number="2"/>
						<line hits="1" number="3"/>
					</lines>
				</class>
				<class branch-rate="0" complexity="0" filename="/home/ppp/git_projects/tensorflow-neuroevolution/tfne/encodings/codeepneat/codeepneat_blueprint.py" line-rate="0.7638" name="codeepneat_blueprint.py">
					<methods/>
					<lines>
						<line hits="1" number="1"/>
						<line hits="1" number="2"/>
						<line hits="1" number="3"/>
						<line hits="1" number="5"/>
						<line hits="1" number="6"/>
						<line hits="1" number="9"/>
						<line hits="1" number="12"/>
						<line hits="1" number="13"/>
						<line hits="1" number="14"/>
						<line hits="1" number="15"/>
						<line hits="1" number="18"/>
						<line hits="1" number="21"/>
						<line hits="1" number="22"/>
						<line hits="1" number="23"/>
						<line hits="1" number="24"/>
						<line hits="1" number="25"/>
						<line hits="1" number="27"/>
						<line hits="1" number="28"/>
						<line hits="1" number="31"/>
						<line hits="1" number="34"/>
						<line hits="1" number="41"/>
						<line hits="1" number="42"/>
						<line hits="1" number="43"/>
						<line hits="1" number="44"/>
						<line hits="1" number="47"/>
						<line hits="1" number="55"/>
						<line hits="1" number="56"/>
						<line hits="1" number="57"/>
						<line hits="1" number="58"/>
						<line hits="1" number="61"/>
						<line hits="1" number="63"/>
						<line hits="1" number="67"/>
						<line hits="1" number="68"/>
						<line hits="1" number="69"/>
						<line hits="1" number="70"/>
						<line hits="1" number="71"/>
						<line hits="1" number="73"/>
						<line hits="1" number="74"/>
						<line hits="1" number="76"/>
						<line hits="1" number="78"/>
						<line hits="1" number="82"/>
						<line hits="1" number="83"/>
						<line hits="1" number="84"/>
						<line hits="1" number="86"/>
						<line hits="1" number="87"/>
						<line hits="1" number="88"/>
						<line hits="1" number="89"/>
						<line hits="1" number="91"/>
						<line hits="1" number="94"/>
						<line hits="0" number="95"/>
						<line hits="1" number="99"/>
						<line hits="1" number="101"/>
						<line hits="1" number="105"/>
						<line hits="1" number="106"/>
						<line hits="1" number="107"/>
						<line hits="1" number="108"/>
						<line hits="1" number="110"/>
						<line hits="1" number="112"/>
						<line hits="1" number="119"/>
						<line hits="0" number="123"/>
						<line hits="0" number="124"/>
						<line hits="0" number="125"/>
						<line hits="0" number="126"/>
						<line hits="0" number="127"/>
						<line hits="0" number="130"/>
						<line hits="0" number="133"/>
						<line hits="0" number="136"/>
						<line hits="0" number="137"/>
						<line hits="0" number="138"/>
						<line hits="0" number="139"/>
						<line hits="0" number="140"/>
						<line hits="0" number="141"/>
						<line hits="0" number="142"/>
						<line hits="0" number="143"/>
						<line hits="0" number="146"/>
						<line hits="0" number="147"/>
						<line hits="0" number="148"/>
						<line hits="0" number="149"/>
						<line hits="0" number="150"/>
						<line hits="0" number="151"/>
						<line hits="0" number="154"/>
						<line hits="0" number="157"/>
						<line hits="1" number="159"/>
						<line hits="1" number="163"/>
						<line hits="1" number="164"/>
						<line hits="1" number="165"/>
						<line hits="1" number="167"/>
						<line hits="1" number="168"/>
						<line hits="1" number="170"/>
						<line hits="1" number="172"/>
						<line hits="1" number="174"/>
						<line hits="1" number="176"/>
						<line hits="1" number="178"/>
						<line hits="1" number="180"/>
						<line hits="0" number="183"/>
						<line hits="0" number="184"/>
						<line hits="0" number="185"/>
						<line hits="0" number="186"/>
						<line hits="0" number="187"/>
						<line hits="1" number="189"/>
						<line hits="1" number="192"/>
						<line hits="1" number="193"/>
						<line hits="1" number="194"/>
						<line hits="1" number="195"/>
						<line hits="1" number="196"/>
						<line hits="1" number="197"/>
						<line hits="1" number="199"/>
						<line hits="1" number="200"/>
						<line hits="1" number="201"/>
						<line hits="1" number="202"/>
						<line hits="1" number="204"/>
						<line hits="1" number="212"/>
						<line hits="1" number="213"/>
						<line hits="1" number="215"/>
						<line hits="1" number="216"/>
						<line hits="1" number="218"/>
						<line hits="1" number="219"/>
						<line hits="1" number="221"/>
						<line hits="0" number="223"/>
						<line hits="1" number="225"/>
						<line hits="1" number="227"/>
						<line hits="1" number="229"/>
						<line hits="1" number="231"/>
						<line hits="1" number="233"/>
						<line hits="1" number="235"/>
						<line hits="1" number="237"/>
						<line hits="1" number="239"/>
					</lines>
				</class>
				<class branch-rate="0" complexity="0" filename="/home/ppp/git_projects/tensorflow-neuroevolution/tfne/encodings/codeepneat/codeepneat_encoding.py" line-rate="0.9067" name="codeepneat_encoding.py">
					<methods/>
					<lines>
						<line hits="1" number="1"/>
						<line hits="1" number="2"/>
						<line hits="1" number="3"/>
						<line hits="1" number="4"/>
						<line hits="1" number="5"/>
						<line hits="1" number="8"/>
						<line hits="1" number="11"/>
						<line hits="1" number="14"/>
						<line hits="1" number="17"/>
						<line hits="1" number="20"/>
						<line hits="1" number="21"/>
						<line hits="1" number="22"/>
						<line hits="1" number="23"/>
						<line hits="1" number="28"/>
						<line hits="1" number="32"/>
						<line hits="1" number="33"/>
						<line hits="1" number="36"/>
						<line hits="0" number="37"/>
						<line hits="0" number="38"/>
						<line hits="0" number="39"/>
						<line hits="0" number="40"/>
						<line hits="0" number="41"/>
						<line hits="0" number="42"/>
						<line hits="0" number="43"/>
						<line hits="1" number="45"/>
						<line hits="1" number="48"/>
						<line hits="1" number="49"/>
						<line hits="1" number="52"/>
						<line hits="1" number="58"/>
						<line hits="1" number="60"/>
						<line hits="1" number="61"/>
						<line hits="1" number="64"/>
						<line hits="1" number="69"/>
						<line hits="1" number="71"/>
						<line hits="1" number="72"/>
						<line hits="1" number="76"/>
						<line hits="1" number="80"/>
						<line hits="1" number="82"/>
						<line hits="1" number="83"/>
						<line hits="1" number="84"/>
						<line hits="1" number="85"/>
						<line hits="1" number="87"/>
						<line hits="1" number="88"/>
						<line hits="1" number="90"/>
						<line hits="1" number="92"/>
						<line hits="1" number="93"/>
						<line hits="1" number="94"/>
						<line hits="1" number="95"/>
						<line hits="1" number="97"/>
						<line hits="1" number="99"/>
						<line hits="1" number="101"/>
						<line hits="1" number="102"/>
						<line hits="1" number="103"/>
						<line hits="1" number="104"/>
						<line hits="1" number="106"/>
						<line hits="1" number="107"/>
						<line hits="1" number="109"/>
						<line hits="1" number="114"/>
						<line hits="1" number="115"/>
						<line hits="1" number="120"/>
						<line hits="1" number="127"/>
						<line hits="1" number="129"/>
						<line hits="1" number="137"/>
						<line hits="1" number="138"/>
						<line hits="1" number="140"/>
						<line hits="1" number="142"/>
						<line hits="1" number="146"/>
						<line hits="1" number="147"/>
						<line hits="1" number="148"/>
						<line hits="1" number="149"/>
						<line hits="1" number="150"/>
						<line hits="1" number="151"/>
						<line hits="1" number="152"/>
						<line hits="1" number="153"/>
						<line hits="1" number="155"/>
					</lines>
				</class>
				<class branch-rate="0" complexity="0" filename="/home/ppp/git_projects/tensorflow-neuroevolution/tfne/encodings/codeepneat/codeepneat_genome.py" line-rate="0.5921" name="codeepneat_genome.py">
					<methods/>
					<lines>
						<line hits="1" number="1"/>
						<line hits="1" number="2"/>
						<line hits="1" number="3"/>
						<line hits="1" number="4"/>
						<line hits="1" number="5"/>
						<line hits="1" number="7"/>
						<line hits="1" number="9"/>
						<line hits="1" number="10"/>
						<line hits="1" number="11"/>
						<line hits="1" number="12"/>
						<line hits="1" number="15"/>
						<line hits="1" number="19"/>
						<line hits="1" number="29"/>
						<line hits="1" number="30"/>
						<line hits="1" number="31"/>
						<line hits="1" number="32"/>
						<line hits="1" number="35"/>
						<line hits="1" number="36"/>
						<line hits="1" number="37"/>
						<line hits="1" number="40"/>
						<line hits="1" number="43"/>
						<line hits="1" number="44"/>
						<line hits="1" number="45"/>
						<line hits="1" number="47"/>
						<line hits="0" number="49"/>
						<line hits="1" number="51"/>
						<line hits="1" number="53"/>
						<line hits="1" number="61"/>
						<line hits="0" number="65"/>
						<line hits="0" number="66"/>
						<line hits="0" number="67"/>
						<line hits="0" number="68"/>
						<line hits="0" number="69"/>
						<line hits="0" number="72"/>
						<line hits="0" number="77"/>
						<line hits="0" number="78"/>
						<line hits="0" number="79"/>
						<line hits="0" number="80"/>
						<line hits="0" number="81"/>
						<line hits="0" number="84"/>
						<line hits="0" number="87"/>
						<line hits="0" number="88"/>
						<line hits="0" number="89"/>
						<line hits="0" number="90"/>
						<line hits="0" number="91"/>
						<line hits="0" number="94"/>
						<line hits="1" number="96"/>
						<line hits="1" number="99"/>
						<line hits="1" number="100"/>
						<line hits="1" number="101"/>
						<line hits="1" number="104"/>
						<line hits="1" number="116"/>
						<line hits="1" number="118"/>
						<line hits="0" number="122"/>
						<line hits="0" number="123"/>
						<line hits="0" number="124"/>
						<line hits="0" number="125"/>
						<line hits="0" number="128"/>
						<line hits="0" number="131"/>
						<line hits="0" number="132"/>
						<line hits="0" number="133"/>
						<line hits="0" number="136"/>
						<line hits="1" number="138"/>
						<line hits="0" number="140"/>
						<line hits="1" number="142"/>
						<line hits="1" number="143"/>
						<line hits="1" number="145"/>
						<line hits="0" number="147"/>
						<line hits="1" number="149"/>
						<line hits="1" number="151"/>
						<line hits="1" number="153"/>
						<line hits="1" number="155"/>
						<line hits="1" number="157"/>
						<line hits="0" number="158"/>
						<line hits="1" number="160"/>
						<line hits="1" number="161"/>
					</lines>
				</class>
				<class branch-rate="0" complexity="0" filename="/home/ppp/git_projects/tensorflow-neuroevolution/tfne/encodings/codeepneat/codeepneat_model.py" line-rate="0.7234" name="codeepneat_model.py">
					<methods/>
					<lines>
						<line hits="1" number="1"/>
						<line hits="1" number="4"/>
						<line hits="1" number="5"/>
						<line hits="1" number="8"/>
						<line hits="1" number="9"/>
						<line hits="1" number="10"/>
						<line hits="1" number="15"/>
						<line hits="1" number="16"/>
						<line hits="1" number="22"/>
						<line hits="1" number="23"/>
						<line hits="1" number="25"/>
						<line hits="1" number="26"/>
						<line hits="1" number="30"/>
						<line hits="1" number="32"/>
						<line hits="1" number="37"/>
						<line hits="1" number="38"/>
						<line hits="1" number="39"/>
						<line hits="1" number="40"/>
						<line hits="1" number="41"/>
						<line hits="1" number="46"/>
						<line hits="1" number="47"/>
						<line hits="1" number="48"/>
						<line hits="0" number="50"/>
						<line hits="0" number="51"/>
						<line hits="0" number="52"/>
						<line hits="0" number="53"/>
						<line hits="0" number="55"/>
						<line hits="0" number="58"/>
						<line hits="0" number="59"/>
						<line hits="0" number="60"/>
						<line hits="0" number="62"/>
						<line hits="0" number="64"/>
						<line hits="0" number="65"/>
						<line hits="0" number="69"/>
						<line hits="0" number="72"/>
						<line hits="1" number="77"/>
						<line hits="1" number="81"/>
						<line hits="1" number="84"/>
						<line hits="1" number="85"/>
						<line hits="1" number="86"/>
						<line hits="1" number="87"/>
						<line hits="1" number="90"/>
						<line hits="1" number="94"/>
						<line hits="1" number="95"/>
						<line hits="1" number="96"/>
						<line hits="1" number="97"/>
						<line hits="1" number="100"/>
					</lines>
				</class>
				<class branch-rate="0" complexity="0" filename="/home/ppp/git_projects/tensorflow-neuroevolution/tfne/encodings/codeepneat/codeepneat_optimizer_factory.py" line-rate="0.9333" name="codeepneat_optimizer_factory.py">
					<methods/>
					<lines>
						<line hits="1" number="1"/>
						<line hits="1" number="3"/>
						<line hits="1" number="6"/>
						<line hits="1" number="9"/>
						<line hits="1" number="12"/>
						<line hits="1" number="14"/>
						<line hits="0" number="16"/>
						<line hits="1" number="19"/>
						<line hits="1" number="21"/>
						<line hits="1" number="23"/>
						<line hits="1" number="25"/>
						<line hits="1" number="27"/>
						<line hits="1" number="29"/>
						<line hits="1" number="31"/>
						<line hits="1" number="33"/>
					</lines>
				</class>
			</classes>
		</package>
		<package branch-rate="0" complexity="0" line-rate="0.8906" name=".home.ppp.git_projects.tensorflow-neuroevolution.tfne.encodings.codeepneat.modules">
			<classes>
				<class branch-rate="0" complexity="0" filename="/home/ppp/git_projects/tensorflow-neuroevolution/tfne/encodings/codeepneat/modules/__init__.py" line-rate="1" name="__init__.py">
					<methods/>
					<lines>
						<line hits="1" number="2"/>
						<line hits="1" number="3"/>
						<line hits="1" number="4"/>
						<line hits="1" number="6"/>
					</lines>
				</class>
				<class branch-rate="0" complexity="0" filename="/home/ppp/git_projects/tensorflow-neuroevolution/tfne/encodings/codeepneat/modules/codeepneat_module_association.py" line-rate="1" name="codeepneat_module_association.py">
					<methods/>
					<lines>
						<line hits="1" number="1"/>
						<line hits="1" number="2"/>
						<line hits="1" number="4"/>
					</lines>
				</class>
				<class branch-rate="0" complexity="0" filename="/home/ppp/git_projects/tensorflow-neuroevolution/tfne/encodings/codeepneat/modules/codeepneat_module_base.py" line-rate="0.75" name="codeepneat_module_base.py">
					<methods/>
					<lines>
						<line hits="1" number="1"/>
						<line hits="1" number="3"/>
						<line hits="1" number="4"/>
						<line hits="1" number="7"/>
						<line hits="1" number="10"/>
						<line hits="1" number="11"/>
						<line hits="1" number="12"/>
						<line hits="1" number="13"/>
						<line hits="1" number="14"/>
						<line hits="1" number="15"/>
						<line hits="1" number="17"/>
						<line hits="0" number="20"/>
						<line hits="1" number="22"/>
						<line hits="0" number="25"/>
						<line hits="1" number="27"/>
						<line hits="0" number="30"/>
						<line hits="1" number="32"/>
						<line hits="0" number="35"/>
						<line hits="1" number="37"/>
						<line hits="0" number="42"/>
						<line hits="1" number="44"/>
						<line hits="0" number="50"/>
						<line hits="1" number="52"/>
						<line hits="0" number="55"/>
						<line hits="1" number="57"/>
						<line hits="0" number="60"/>
						<line hits="1" number="62"/>
						<line hits="0" number="65"/>
						<line hits="1" number="67"/>
						<line hits="1" number="68"/>
						<line hits="1" number="70"/>
						<line hits="1" number="71"/>
						<line hits="1" number="73"/>
						<line hits="1" number="74"/>
						<line hits="1" number="76"/>
						<line hits="1" number="77"/>
					</lines>
				</class>
				<class branch-rate="0" complexity="0" filename="/home/ppp/git_projects/tensorflow-neuroevolution/tfne/encodings/codeepneat/modules/codeepneat_module_conv2dmaxpool2ddropout.py" line-rate="0.8647" name="codeepneat_module_conv2dmaxpool2ddropout.py">
					<methods/>
					<lines>
						<line hits="1" number="1"/>
						<line hits="1" number="3"/>
						<line hits="1" number="4"/>
						<line hits="1" number="5"/>
						<line hits="1" number="7"/>
						<line hits="1" number="8"/>
						<line hits="1" number="10"/>
						<line hits="1" number="11"/>
						<line hits="1" number="14"/>
						<line hits="1" number="17"/>
						<line hits="1" number="37"/>
						<line hits="1" number="40"/>
						<line hits="1" number="41"/>
						<line hits="1" number="42"/>
						<line hits="1" number="43"/>
						<line hits="1" number="44"/>
						<line hits="1" number="45"/>
						<line hits="1" number="46"/>
						<line hits="1" number="47"/>
						<line hits="1" number="48"/>
						<line hits="1" number="49"/>
						<line hits="1" number="50"/>
						<line hits="1" number="51"/>
						<line hits="1" number="54"/>
						<line hits="1" number="55"/>
						<line hits="1" number="57"/>
						<line hits="1" number="59"/>
						<line hits="1" number="69"/>
						<line hits="1" number="72"/>
						<line hits="1" number="73"/>
						<line hits="1" number="74"/>
						<line hits="1" number="76"/>
						<line hits="1" number="80"/>
						<line hits="1" number="81"/>
						<line hits="1" number="82"/>
						<line hits="1" number="83"/>
						<line hits="1" number="84"/>
						<line hits="1" number="85"/>
						<line hits="1" number="86"/>
						<line hits="1" number="87"/>
						<line hits="1" number="88"/>
						<line hits="1" number="89"/>
						<line hits="1" number="91"/>
						<line hits="1" number="96"/>
						<line hits="1" number="99"/>
						<line hits="1" number="102"/>
						<line hits="1" number="110"/>
						<line hits="1" number="113"/>
						<line hits="1" number="114"/>
						<line hits="1" number="116"/>
						<line hits="1" number="119"/>
						<line hits="1" number="120"/>
						<line hits="1" number="122"/>
						<line hits="1" number="125"/>
						<line hits="1" number="127"/>
						<line hits="0" number="131"/>
						<line hits="0" number="134"/>
						<line hits="0" number="140"/>
						<line hits="0" number="141"/>
						<line hits="0" number="142"/>
						<line hits="0" number="143"/>
						<line hits="0" number="152"/>
						<line hits="0" number="153"/>
						<line hits="0" number="154"/>
						<line hits="0" number="155"/>
						<line hits="0" number="164"/>
						<line hits="0" number="165"/>
						<line hits="0" number="166"/>
						<line hits="0" number="167"/>
						<line hits="0" number="174"/>
						<line hits="1" number="177"/>
						<line hits="1" number="182"/>
						<line hits="1" number="196"/>
						<line hits="1" number="201"/>
						<line hits="1" number="204"/>
						<line hits="1" number="209"/>
						<line hits="1" number="210"/>
						<line hits="1" number="211"/>
						<line hits="1" number="212"/>
						<line hits="1" number="213"/>
						<line hits="1" number="214"/>
						<line hits="1" number="216"/>
						<line hits="1" number="220"/>
						<line hits="1" number="221"/>
						<line hits="1" number="222"/>
						<line hits="1" number="223"/>
						<line hits="1" number="224"/>
						<line hits="0" number="225"/>
						<line hits="0" number="226"/>
						<line hits="1" number="227"/>
						<line hits="1" number="228"/>
						<line hits="1" number="229"/>
						<line hits="1" number="230"/>
						<line hits="1" number="231"/>
						<line hits="1" number="232"/>
						<line hits="1" number="233"/>
						<line hits="1" number="234"/>
						<line hits="1" number="235"/>
						<line hits="1" number="236"/>
						<line hits="0" number="237"/>
						<line hits="0" number="238"/>
						<line hits="1" number="239"/>
						<line hits="1" number="240"/>
						<line hits="1" number="241"/>
						<line hits="1" number="242"/>
						<line hits="1" number="243"/>
						<line hits="1" number="244"/>
						<line hits="1" number="245"/>
						<line hits="1" number="246"/>
						<line hits="1" number="247"/>
						<line hits="1" number="249"/>
						<line hits="1" number="251"/>
						<line hits="1" number="255"/>
						<line hits="1" number="257"/>
						<line hits="1" number="263"/>
						<line hits="1" number="270"/>
						<line hits="1" number="273"/>
						<line hits="1" number="276"/>
						<line hits="1" number="277"/>
						<line hits="1" number="281"/>
						<line hits="1" number="282"/>
						<line hits="1" number="283"/>
						<line hits="1" number="284"/>
						<line hits="1" number="285"/>
						<line hits="1" number="286"/>
						<line hits="1" number="287"/>
						<line hits="1" number="288"/>
						<line hits="1" number="289"/>
						<line hits="1" number="290"/>
						<line hits="1" number="294"/>
						<line hits="1" number="296"/>
						<line hits="1" number="302"/>
						<line hits="1" number="304"/>
						<line hits="1" number="322"/>
						<line hits="1" number="329"/>
						<line hits="1" number="330"/>
						<line hits="1" number="331"/>
						<line hits="1" number="333"/>
						<line hits="1" number="334"/>
						<line hits="1" number="335"/>
						<line hits="1" number="337"/>
						<line hits="1" number="338"/>
						<line hits="1" number="339"/>
						<line hits="1" number="341"/>
						<line hits="1" number="342"/>
						<line hits="1" number="343"/>
						<line hits="0" number="345"/>
						<line hits="1" number="346"/>
						<line hits="1" number="347"/>
						<line hits="1" number="349"/>
						<line hits="1" number="350"/>
						<line hits="1" number="351"/>
						<line hits="1" number="353"/>
						<line hits="1" number="354"/>
						<line hits="1" number="355"/>
						<line hits="0" number="357"/>
						<line hits="1" number="358"/>
						<line hits="1" number="359"/>
						<line hits="0" number="361"/>
						<line hits="1" number="362"/>
						<line hits="1" number="363"/>
						<line hits="1" number="364"/>
						<line hits="0" number="366"/>
						<line hits="1" number="367"/>
						<line hits="1" number="368"/>
						<line hits="1" number="369"/>
						<line hits="1" number="371"/>
						<line hits="1" number="374"/>
						<line hits="1" number="376"/>
						<line hits="1" number="378"/>
					</lines>
				</class>
				<class branch-rate="0" complexity="0" filename="/home/ppp/git_projects/tensorflow-neuroevolution/tfne/encodings/codeepneat/modules/codeepneat_module_densedropout.py" line-rate="0.972" name="codeepneat_module_densedropout.py">
					<methods/>
					<lines>
						<line hits="1" number="1"/>
						<line hits="1" number="3"/>
						<line hits="1" number="4"/>
						<line hits="1" number="5"/>
						<line hits="1" number="7"/>
						<line hits="1" number="8"/>
						<line hits="1" number="10"/>
						<line hits="1" number="11"/>
						<line hits="1" number="14"/>
						<line hits="1" number="17"/>
						<line hits="1" number="32"/>
						<line hits="1" number="35"/>
						<line hits="1" number="36"/>
						<line hits="1" number="37"/>
						<line hits="1" number="38"/>
						<line hits="1" number="39"/>
						<line hits="1" number="40"/>
						<line hits="1" number="41"/>
						<line hits="1" number="44"/>
						<line hits="1" number="45"/>
						<line hits="1" number="47"/>
						<line hits="1" number="49"/>
						<line hits="1" number="56"/>
						<line hits="1" number="59"/>
						<line hits="1" number="60"/>
						<line hits="1" number="61"/>
						<line hits="1" number="63"/>
						<line hits="1" number="67"/>
						<line hits="1" number="68"/>
						<line hits="1" number="69"/>
						<line hits="1" number="70"/>
						<line hits="1" number="71"/>
						<line hits="1" number="73"/>
						<line hits="1" number="78"/>
						<line hits="1" number="81"/>
						<line hits="1" number="89"/>
						<line hits="1" number="90"/>
						<line hits="1" number="92"/>
						<line hits="1" number="94"/>
						<line hits="1" number="96"/>
						<line hits="0" number="98"/>
						<line hits="1" number="100"/>
						<line hits="1" number="105"/>
						<line hits="1" number="114"/>
						<line hits="1" number="119"/>
						<line hits="1" number="122"/>
						<line hits="1" number="127"/>
						<line hits="1" number="128"/>
						<line hits="1" number="129"/>
						<line hits="1" number="130"/>
						<line hits="1" number="131"/>
						<line hits="1" number="132"/>
						<line hits="1" number="134"/>
						<line hits="1" number="138"/>
						<line hits="1" number="139"/>
						<line hits="1" number="140"/>
						<line hits="1" number="141"/>
						<line hits="1" number="142"/>
						<line hits="1" number="143"/>
						<line hits="1" number="144"/>
						<line hits="1" number="145"/>
						<line hits="1" number="146"/>
						<line hits="1" number="147"/>
						<line hits="1" number="148"/>
						<line hits="1" number="149"/>
						<line hits="1" number="150"/>
						<line hits="1" number="152"/>
						<line hits="1" number="154"/>
						<line hits="1" number="158"/>
						<line hits="1" number="160"/>
						<line hits="1" number="166"/>
						<line hits="1" number="173"/>
						<line hits="1" number="176"/>
						<line hits="1" number="179"/>
						<line hits="1" number="180"/>
						<line hits="1" number="184"/>
						<line hits="1" number="185"/>
						<line hits="1" number="186"/>
						<line hits="1" number="187"/>
						<line hits="1" number="188"/>
						<line hits="1" number="193"/>
						<line hits="1" number="199"/>
						<line hits="1" number="201"/>
						<line hits="1" number="214"/>
						<line hits="1" number="221"/>
						<line hits="1" number="222"/>
						<line hits="1" number="223"/>
						<line hits="0" number="225"/>
						<line hits="1" number="226"/>
						<line hits="1" number="227"/>
						<line hits="1" number="229"/>
						<line hits="1" number="230"/>
						<line hits="1" number="231"/>
						<line hits="1" number="233"/>
						<line hits="1" number="234"/>
						<line hits="1" number="235"/>
						<line hits="1" number="237"/>
						<line hits="1" number="238"/>
						<line hits="1" number="239"/>
						<line hits="0" number="241"/>
						<line hits="1" number="242"/>
						<line hits="1" number="243"/>
						<line hits="1" number="244"/>
						<line hits="1" number="246"/>
						<line hits="1" number="249"/>
						<line hits="1" number="251"/>
						<line hits="1" number="253"/>
					</lines>
				</class>
			</classes>
		</package>
		<package branch-rate="0" complexity="0" line-rate="0.6782" name=".home.ppp.git_projects.tensorflow-neuroevolution.tfne.environments">
			<classes>
				<class branch-rate="0" complexity="0" filename="/home/ppp/git_projects/tensorflow-neuroevolution/tfne/environments/__init__.py" line-rate="1" name="__init__.py">
					<methods/>
					<lines>
						<line hits="1" number="2"/>
						<line hits="1" number="3"/>
						<line hits="1" number="4"/>
						<line hits="1" number="5"/>
					</lines>
				</class>
				<class branch-rate="0" complexity="0" filename="/home/ppp/git_projects/tensorflow-neuroevolution/tfne/environments/base_environment.py" line-rate="0.6154" name="base_environment.py">
					<methods/>
					<lines>
						<line hits="1" number="1"/>
						<line hits="1" number="3"/>
						<line hits="1" number="6"/>
						<line hits="1" number="12"/>
						<line hits="0" number="20"/>
						<line hits="1" number="22"/>
						<line hits="0" number="28"/>
						<line hits="1" number="30"/>
						<line hits="0" number="35"/>
						<line hits="1" number="37"/>
						<line hits="0" number="42"/>
						<line hits="1" number="44"/>
						<line hits="0" number="49"/>
					</lines>
				</class>
				<class branch-rate="0" complexity="0" filename="/home/ppp/git_projects/tensorflow-neuroevolution/tfne/environments/cifar10_environment.py" line-rate="0.6792" name="cifar10_environment.py">
					<methods/>
					<lines>
						<line hits="1" number="1"/>
						<line hits="1" number="3"/>
						<line hits="1" number="4"/>
						<line hits="1" number="6"/>
						<line hits="1" number="7"/>
						<line hits="1" number="10"/>
						<line hits="1" number="16"/>
						<line hits="1" number="29"/>
						<line hits="1" number="30"/>
						<line hits="1" number="31"/>
						<line hits="1" number="32"/>
						<line hits="1" number="33"/>
						<line hits="1" number="36"/>
						<line hits="1" number="37"/>
						<line hits="1" number="40"/>
						<line hits="0" number="41"/>
						<line hits="1" number="44"/>
						<line hits="0" number="45"/>
						<line hits="1" number="48"/>
						<line hits="1" number="50"/>
						<line hits="1" number="51"/>
						<line hits="1" number="52"/>
						<line hits="0" number="54"/>
						<line hits="0" number="56"/>
						<line hits="0" number="57"/>
						<line hits="0" number="58"/>
						<line hits="1" number="60"/>
						<line hits="0" number="62"/>
						<line hits="1" number="64"/>
						<line hits="1" number="73"/>
						<line hits="1" number="74"/>
						<line hits="1" number="77"/>
						<line hits="1" number="78"/>
						<line hits="1" number="86"/>
						<line hits="1" number="87"/>
						<line hits="1" number="88"/>
						<line hits="1" number="90"/>
						<line hits="0" number="92"/>
						<line hits="1" number="94"/>
						<line hits="0" number="100"/>
						<line hits="0" number="104"/>
						<line hits="0" number="105"/>
						<line hits="0" number="106"/>
						<line hits="0" number="107"/>
						<line hits="0" number="108"/>
						<line hits="1" number="110"/>
						<line hits="0" number="114"/>
						<line hits="0" number="115"/>
						<line hits="0" number="117"/>
						<line hits="1" number="119"/>
						<line hits="1" number="121"/>
						<line hits="1" number="123"/>
						<line hits="1" number="125"/>
					</lines>
				</class>
				<class branch-rate="0" complexity="0" filename="/home/ppp/git_projects/tensorflow-neuroevolution/tfne/environments/mnist_environment.py" line-rate="0.6731" name="mnist_environment.py">
					<methods/>
					<lines>
						<line hits="1" number="1"/>
						<line hits="1" number="3"/>
						<line hits="1" number="4"/>
						<line hits="1" number="6"/>
						<line hits="1" number="7"/>
						<line hits="1" number="10"/>
						<line hits="1" number="16"/>
						<line hits="1" number="29"/>
						<line hits="1" number="30"/>
						<line hits="1" number="31"/>
						<line hits="1" number="32"/>
						<line hits="1" number="35"/>
						<line hits="1" number="36"/>
						<line hits="1" number="39"/>
						<line hits="0" number="40"/>
						<line hits="1" number="43"/>
						<line hits="0" number="44"/>
						<line hits="1" number="47"/>
						<line hits="1" number="49"/>
						<line hits="1" number="50"/>
						<line hits="1" number="51"/>
						<line hits="0" number="53"/>
						<line hits="0" number="55"/>
						<line hits="0" number="56"/>
						<line hits="0" number="57"/>
						<line hits="1" number="59"/>
						<line hits="0" number="61"/>
						<line hits="1" number="63"/>
						<line hits="1" number="72"/>
						<line hits="1" number="73"/>
						<line hits="1" number="76"/>
						<line hits="1" number="77"/>
						<line hits="1" number="85"/>
						<line hits="1" number="86"/>
						<line hits="1" number="87"/>
						<line hits="1" number="89"/>
						<line hits="0" number="91"/>
						<line hits="1" number="93"/>
						<line hits="0" number="99"/>
						<line hits="0" number="103"/>
						<line hits="0" number="104"/>
						<line hits="0" number="105"/>
						<line hits="0" number="106"/>
						<line hits="0" number="107"/>
						<line hits="1" number="109"/>
						<line hits="0" number="113"/>
						<line hits="0" number="114"/>
						<line hits="0" number="116"/>
						<line hits="1" number="118"/>
						<line hits="1" number="120"/>
						<line hits="1" number="122"/>
						<line hits="1" number="124"/>
					</lines>
				</class>
				<class branch-rate="0" complexity="0" filename="/home/ppp/git_projects/tensorflow-neuroevolution/tfne/environments/xor_environment.py" line-rate="0.6731" name="xor_environment.py">
					<methods/>
					<lines>
						<line hits="1" number="1"/>
						<line hits="1" number="3"/>
						<line hits="1" number="4"/>
						<line hits="1" number="6"/>
						<line hits="1" number="7"/>
						<line hits="1" number="10"/>
						<line hits="1" number="15"/>
						<line hits="1" number="28"/>
						<line hits="1" number="29"/>
						<line hits="1" number="30"/>
						<line hits="1" number="33"/>
						<line hits="1" number="34"/>
						<line hits="1" number="37"/>
						<line hits="0" number="39"/>
						<line hits="1" number="41"/>
						<line hits="0" number="42"/>
						<line hits="1" number="45"/>
						<line hits="1" number="47"/>
						<line hits="1" number="48"/>
						<line hits="1" number="49"/>
						<line hits="0" number="51"/>
						<line hits="0" number="53"/>
						<line hits="0" number="54"/>
						<line hits="0" number="55"/>
						<line hits="1" number="57"/>
						<line hits="0" number="59"/>
						<line hits="1" number="61"/>
						<line hits="1" number="70"/>
						<line hits="1" number="71"/>
						<line hits="1" number="74"/>
						<line hits="1" number="75"/>
						<line hits="1" number="78"/>
						<line hits="1" number="82"/>
						<line hits="1" number="83"/>
						<line hits="1" number="85"/>
						<line hits="1" number="87"/>
						<line hits="0" number="95"/>
						<line hits="0" number="96"/>
						<line hits="1" number="98"/>
						<line hits="0" number="103"/>
						<line hits="0" number="104"/>
						<line hits="0" number="105"/>
						<line hits="0" number="106"/>
						<line hits="0" number="107"/>
						<line hits="1" number="109"/>
						<line hits="0" number="113"/>
						<line hits="0" number="114"/>
						<line hits="0" number="116"/>
						<line hits="1" number="118"/>
						<line hits="1" number="120"/>
						<line hits="1" number="122"/>
						<line hits="1" number="124"/>
					</lines>
				</class>
			</classes>
		</package>
		<package branch-rate="0" complexity="0" line-rate="1" name=".home.ppp.git_projects.tensorflow-neuroevolution.tfne.experimental">
			<classes>
				<class branch-rate="0" complexity="0" filename="/home/ppp/git_projects/tensorflow-neuroevolution/tfne/experimental/__init__.py" line-rate="1" name="__init__.py">
					<methods/>
					<lines/>
				</class>
			</classes>
		</package>
		<package branch-rate="0" complexity="0" line-rate="1" name=".home.ppp.git_projects.tensorflow-neuroevolution.tfne.experimental.algorithms">
			<classes>
				<class branch-rate="0" complexity="0" filename="/home/ppp/git_projects/tensorflow-neuroevolution/tfne/experimental/algorithms/__init__.py" line-rate="1" name="__init__.py">
					<methods/>
					<lines/>
				</class>
			</classes>
		</package>
		<package branch-rate="0" complexity="0" line-rate="1" name=".home.ppp.git_projects.tensorflow-neuroevolution.tfne.experimental.encodings">
			<classes>
				<class branch-rate="0" complexity="0" filename="/home/ppp/git_projects/tensorflow-neuroevolution/tfne/experimental/encodings/__init__.py" line-rate="1" name="__init__.py">
					<methods/>
					<lines/>
				</class>
			</classes>
		</package>
		<package branch-rate="0" complexity="0" line-rate="1" name=".home.ppp.git_projects.tensorflow-neuroevolution.tfne.experimental.environments">
			<classes>
				<class branch-rate="0" complexity="0" filename="/home/ppp/git_projects/tensorflow-neuroevolution/tfne/experimental/environments/__init__.py" line-rate="1" name="__init__.py">
					<methods/>
					<lines/>
				</class>
			</classes>
		</package>
		<package branch-rate="0" complexity="0" line-rate="0.8" name=".home.ppp.git_projects.tensorflow-neuroevolution.tfne.populations">
			<classes>
				<class branch-rate="0" complexity="0" filename="/home/ppp/git_projects/tensorflow-neuroevolution/tfne/populations/__init__.py" line-rate="1" name="__init__.py">
					<methods/>
					<lines>
						<line hits="1" number="2"/>
						<line hits="1" number="3"/>
					</lines>
				</class>
				<class branch-rate="0" complexity="0" filename="/home/ppp/git_projects/tensorflow-neuroevolution/tfne/populations/base_population.py" line-rate="0.75" name="base_population.py">
					<methods/>
					<lines>
						<line hits="1" number="1"/>
						<line hits="1" number="4"/>
						<line hits="1" number="10"/>
						<line hits="1" number="11"/>
						<line hits="0" number="15"/>
						<line hits="1" number="17"/>
						<line hits="1" number="18"/>
						<line hits="0" number="23"/>
					</lines>
				</class>
			</classes>
		</package>
		<package branch-rate="0" complexity="0" line-rate="0.7969" name=".home.ppp.git_projects.tensorflow-neuroevolution.tfne.populations.codeepneat">
			<classes>
				<class branch-rate="0" complexity="0" filename="/home/ppp/git_projects/tensorflow-neuroevolution/tfne/populations/codeepneat/__init__.py" line-rate="1" name="__init__.py">
					<methods/>
					<lines>
						<line hits="1" number="2"/>
					</lines>
				</class>
				<class branch-rate="0" complexity="0" filename="/home/ppp/git_projects/tensorflow-neuroevolution/tfne/populations/codeepneat/codeepneat_population.py" line-rate="0.7937" name="codeepneat_population.py">
					<methods/>
					<lines>
						<line hits="1" number="1"/>
						<line hits="1" number="3"/>
						<line hits="1" number="6"/>
						<line hits="1" number="12"/>
						<line hits="1" number="19"/>
						<line hits="1" number="20"/>
						<line hits="1" number="21"/>
						<line hits="1" number="24"/>
						<line hits="1" number="25"/>
						<line hits="1" number="26"/>
						<line hits="1" number="27"/>
						<line hits="1" number="28"/>
						<line hits="1" number="31"/>
						<line hits="1" number="32"/>
						<line hits="1" number="33"/>
						<line hits="1" number="34"/>
						<line hits="1" number="35"/>
						<line hits="1" number="38"/>
						<line hits="0" number="39"/>
						<line hits="0" number="40"/>
						<line hits="0" number="41"/>
						<line hits="0" number="42"/>
						<line hits="0" number="43"/>
						<line hits="0" number="44"/>
						<line hits="0" number="45"/>
						<line hits="0" number="46"/>
						<line hits="0" number="47"/>
						<line hits="0" number="48"/>
						<line hits="0" number="49"/>
						<line hits="0" number="50"/>
						<line hits="0" number="51"/>
						<line hits="1" number="53"/>
						<line hits="1" number="58"/>
						<line hits="1" number="59"/>
						<line hits="1" number="62"/>
						<line hits="1" number="63"/>
						<line hits="1" number="64"/>
						<line hits="1" number="65"/>
						<line hits="1" number="68"/>
						<line hits="1" number="69"/>
						<line hits="1" number="72"/>
						<line hits="1" number="73"/>
						<line hits="1" number="74"/>
						<line hits="1" number="75"/>
						<line hits="1" number="78"/>
						<line hits="1" number="91"/>
						<line hits="1" number="92"/>
						<line hits="1" number="93"/>
						<line hits="1" number="97"/>
						<line hits="1" number="100"/>
						<line hits="1" number="101"/>
						<line hits="1" number="102"/>
						<line hits="1" number="106"/>
						<line hits="1" number="109"/>
						<line hits="1" number="111"/>
						<line hits="1" number="117"/>
						<line hits="1" number="118"/>
						<line hits="1" number="119"/>
						<line hits="1" number="122"/>
						<line hits="1" number="123"/>
						<line hits="1" number="124"/>
						<line hits="1" number="127"/>
						<line hits="1" number="144"/>
					</lines>
				</class>
			</classes>
		</package>
	</packages>
</coverage>
